==14892== Memcheck, a memory error detector
==14892== Copyright (C) 2002-2009, and GNU GPL'd, by Julian Seward et al.
==14892== Using Valgrind-3.5.0 and LibVEX; rerun with -h for copyright info
==14892== Command: ./convertres ../res/00014_burma.cha ../res/00022_ulysses.cha ../res/00048_att.cha ../res/00052_berlin.cha ../res/00076_eil.cha ../res/00101_eil.cha ../res/00144_pr.cha ../res/00150_ch.cha ../res/00280_a.cha ../res/00417_fl.cha ../res/00493_d.cha ../res/00575_rat.cha ../res/00666_fr.cha ../res/00783_rat.cha ../res/01400_fl.cha ../res/02392_pr.cha ../res/03795_fl.cha ../res/04461_fnl.cha ../res/05934_rl.cha ../res/07397_pla.cha
==14892== 
Conversion en réseau du fichier ../res/00014_burma.cha...
Conversion en réseau du fichier ../res/00022_ulysses.cha...
Conversion en réseau du fichier ../res/00048_att.cha...
Conversion en réseau du fichier ../res/00052_berlin.cha...
Conversion en réseau du fichier ../res/00076_eil.cha...
Conversion en réseau du fichier ../res/00101_eil.cha...
Conversion en réseau du fichier ../res/00144_pr.cha...
Conversion en réseau du fichier ../res/00150_ch.cha...
Conversion en réseau du fichier ../res/00280_a.cha...
Conversion en réseau du fichier ../res/00417_fl.cha...
Conversion en réseau du fichier ../res/00493_d.cha...
Conversion en réseau du fichier ../res/00575_rat.cha...
Conversion en réseau du fichier ../res/00666_fr.cha...
Conversion en réseau du fichier ../res/00783_rat.cha...
Conversion en réseau du fichier ../res/01400_fl.cha...
Conversion en réseau du fichier ../res/02392_pr.cha...
Conversion en réseau du fichier ../res/03795_fl.cha...
Conversion en réseau du fichier ../res/04461_fnl.cha...
Conversion en réseau du fichier ../res/05934_rl.cha...
Conversion en réseau du fichier ../res/07397_pla.cha...
==14892== 
==14892== HEAP SUMMARY:
==14892==     in use at exit: 0 bytes in 0 blocks
==14892==   total heap usage: 843,122 allocs, 843,122 frees, 19,697,312 bytes allocated
==14892== 
==14892== All heap blocks were freed -- no leaks are possible
==14892== 
==14892== For counts of detected and suppressed errors, rerun with: -v
==14892== ERROR SUMMARY: 0 errors from 0 contexts (suppressed: 4 from 4)
