10 0.000000 0.000000 0.000000
21 0.000000 0.000000 0.000000
42 0.000000 0.000000 0.000000
44 0.000000 0.000000 0.000000
66 0.000000 0.000000 0.000000
92 0.000000 0.000000 0.000000
125 0.000000 0.000000 0.000000
136 0.000000 0.000000 0.000000
232 0.010000 0.000000 0.000000
347 0.020000 0.000000 0.010000
459 0.040000 0.010000 0.010000
498 0.050000 0.010000 0.000000
597 0.090000 0.010000 0.010000
716 0.160000 0.010000 0.010000
1256 0.620000 0.040000 0.030000
2117 1.940000 0.050000 0.050000
3389 5.700000 0.130000 0.150000
3864 12.890000 0.200000 0.230000
5528 23.690001 0.320000 0.360000
6373 41.889999 0.550000 0.570000
